   Debug: Initializing geneticAlgorithm object
    Info: Getting structure
   Debug: Initializing generationStructure object
    Info: Starting runs (1 runs, 5 gens)
   Debug: Initializing logisticRegressionEvaluator object
   Debug: Initializing tournamentSelector object
   Debug: Initializing basicOperator object
   Debug: Initializing twoPointCrossover object
   Debug: Initializing uniformMutation object
    Info: Starting run #1/1
   Debug: Creating population objects
   Debug: Initializing fixedPopulation object
   Debug: Initializing fixedPopulation object
   Debug: 0	| Generating starting population
   Debug: Initializing vectorIndividual object
   Debug: Initializing vectorChromosome object
   Debug: Initializing vectorIndividual object
   Debug: Initializing vectorChromosome object
   Debug: Initializing vectorIndividual object
   Debug: Initializing vectorChromosome object
   Debug: Initializing vectorIndividual object
   Debug: Initializing vectorChromosome object
   Debug: Initializing vectorIndividual object
   Debug: Initializing vectorChromosome object
   Debug: Initializing vectorIndividual object
   Debug: Initializing vectorChromosome object
   Debug: Initializing vectorIndividual object
   Debug: Initializing vectorChromosome object
   Debug: Initializing vectorIndividual object
   Debug: Initializing vectorChromosome object
   Debug: Initializing vectorIndividual object
   Debug: Initializing vectorChromosome object
   Debug: Initializing vectorIndividual object
   Debug: Initializing vectorChromosome object
   Debug: Initializing vectorIndividual object
   Debug: Initializing vectorChromosome object
   Debug: Initializing vectorIndividual object
   Debug: Initializing vectorChromosome object
   Debug: Initializing vectorIndividual object
   Debug: Initializing vectorChromosome object
   Debug: Initializing vectorIndividual object
   Debug: Initializing vectorChromosome object
   Debug: Initializing vectorIndividual object
   Debug: Initializing vectorChromosome object
   Debug: Initializing vectorIndividual object
   Debug: Initializing vectorChromosome object
   Debug: Initializing vectorIndividual object
   Debug: Initializing vectorChromosome object
   Debug: Initializing vectorIndividual object
   Debug: Initializing vectorChromosome object
   Debug: Initializing vectorIndividual object
   Debug: Initializing vectorChromosome object
   Debug: Initializing vectorIndividual object
   Debug: Initializing vectorChromosome object
   Debug: Initializing vectorIndividual object
   Debug: Initializing vectorChromosome object
   Debug: Initializing vectorIndividual object
   Debug: Initializing vectorChromosome object
   Debug: Initializing vectorIndividual object
   Debug: Initializing vectorChromosome object
   Debug: Initializing vectorIndividual object
   Debug: Initializing vectorChromosome object
   Debug: Initializing vectorIndividual object
   Debug: Initializing vectorChromosome object
   Debug: Initializing vectorIndividual object
   Debug: Initializing vectorChromosome object
   Debug: Initializing vectorIndividual object
   Debug: Initializing vectorChromosome object
   Debug: Initializing vectorIndividual object
   Debug: Initializing vectorChromosome object
   Debug: Initializing vectorIndividual object
   Debug: Initializing vectorChromosome object
   Debug: Initializing vectorIndividual object
   Debug: Initializing vectorChromosome object
   Debug: Initializing vectorIndividual object
   Debug: Initializing vectorChromosome object
   Debug: Initializing vectorIndividual object
   Debug: Initializing vectorChromosome object
   Debug: Initializing vectorIndividual object
   Debug: Initializing vectorChromosome object
   Debug: Initializing vectorIndividual object
   Debug: Initializing vectorChromosome object
   Debug: Initializing vectorIndividual object
   Debug: Initializing vectorChromosome object
   Debug: Initializing vectorIndividual object
   Debug: Initializing vectorChromosome object
   Debug: Initializing vectorIndividual object
   Debug: Initializing vectorChromosome object
   Debug: Initializing vectorIndividual object
   Debug: Initializing vectorChromosome object
   Debug: Initializing vectorIndividual object
   Debug: Initializing vectorChromosome object
   Debug: Initializing vectorIndividual object
   Debug: Initializing vectorChromosome object
   Debug: Initializing vectorIndividual object
   Debug: Initializing vectorChromosome object
   Debug: Initializing vectorIndividual object
   Debug: Initializing vectorChromosome object
   Debug: Initializing vectorIndividual object
   Debug: Initializing vectorChromosome object
   Debug: Initializing vectorIndividual object
   Debug: Initializing vectorChromosome object
   Debug: Initializing vectorIndividual object
   Debug: Initializing vectorChromosome object
   Debug: Initializing vectorIndividual object
   Debug: Initializing vectorChromosome object
   Debug: Initializing vectorIndividual object
   Debug: Initializing vectorChromosome object
   Debug: Initializing vectorIndividual object
   Debug: Initializing vectorChromosome object
   Debug: Initializing vectorIndividual object
   Debug: Initializing vectorChromosome object
   Debug: Initializing vectorIndividual object
   Debug: Initializing vectorChromosome object
   Debug: Initializing vectorIndividual object
   Debug: Initializing vectorChromosome object
   Debug: Initializing vectorIndividual object
   Debug: Initializing vectorChromosome object
   Debug: Initializing vectorIndividual object
   Debug: Initializing vectorChromosome object
   Debug: Initializing vectorIndividual object
   Debug: Initializing vectorChromosome object
   Debug: Initializing vectorIndividual object
   Debug: Initializing vectorChromosome object
   Debug: Initializing vectorIndividual object
   Debug: Initializing vectorChromosome object
   Debug: Initializing vectorIndividual object
   Debug: Initializing vectorChromosome object
   Debug: Initializing vectorIndividual object
   Debug: Initializing vectorChromosome object
   Debug: Initializing vectorIndividual object
   Debug: Initializing vectorChromosome object
   Debug: Initializing vectorIndividual object
   Debug: Initializing vectorChromosome object
   Debug: Initializing vectorIndividual object
   Debug: Initializing vectorChromosome object
   Debug: Initializing vectorIndividual object
   Debug: Initializing vectorChromosome object
   Debug: Initializing vectorIndividual object
   Debug: Initializing vectorChromosome object
   Debug: Initializing vectorIndividual object
   Debug: Initializing vectorChromosome object
   Debug: Initializing vectorIndividual object
   Debug: Initializing vectorChromosome object
   Debug: Initializing vectorIndividual object
   Debug: Initializing vectorChromosome object
   Debug: Initializing vectorIndividual object
   Debug: Initializing vectorChromosome object
   Debug: Initializing vectorIndividual object
   Debug: Initializing vectorChromosome object
   Debug: Initializing vectorIndividual object
   Debug: Initializing vectorChromosome object
   Debug: Initializing vectorIndividual object
   Debug: Initializing vectorChromosome object
   Debug: Initializing vectorIndividual object
   Debug: Initializing vectorChromosome object
   Debug: Initializing vectorIndividual object
   Debug: Initializing vectorChromosome object
   Debug: Initializing vectorIndividual object
   Debug: Initializing vectorChromosome object
   Debug: Initializing vectorIndividual object
   Debug: Initializing vectorChromosome object
   Debug: Initializing vectorIndividual object
   Debug: Initializing vectorChromosome object
   Debug: Initializing vectorIndividual object
   Debug: Initializing vectorChromosome object
   Debug: Initializing vectorIndividual object
   Debug: Initializing vectorChromosome object
   Debug: Initializing vectorIndividual object
   Debug: Initializing vectorChromosome object
   Debug: Initializing vectorIndividual object
   Debug: Initializing vectorChromosome object
   Debug: Initializing vectorIndividual object
   Debug: Initializing vectorChromosome object
   Debug: Initializing vectorIndividual object
   Debug: Initializing vectorChromosome object
   Debug: Initializing vectorIndividual object
   Debug: Initializing vectorChromosome object
   Debug: Initializing vectorIndividual object
   Debug: Initializing vectorChromosome object
   Debug: Initializing vectorIndividual object
   Debug: Initializing vectorChromosome object
   Debug: Initializing vectorIndividual object
   Debug: Initializing vectorChromosome object
   Debug: Initializing vectorIndividual object
   Debug: Initializing vectorChromosome object
   Debug: Initializing vectorIndividual object
   Debug: Initializing vectorChromosome object
   Debug: Initializing vectorIndividual object
   Debug: Initializing vectorChromosome object
   Debug: Initializing vectorIndividual object
   Debug: Initializing vectorChromosome object
   Debug: Initializing vectorIndividual object
   Debug: Initializing vectorChromosome object
   Debug: Initializing vectorIndividual object
   Debug: Initializing vectorChromosome object
   Debug: Initializing vectorIndividual object
   Debug: Initializing vectorChromosome object
   Debug: Initializing vectorIndividual object
   Debug: Initializing vectorChromosome object
   Debug: Initializing vectorIndividual object
   Debug: Initializing vectorChromosome object
   Debug: Initializing vectorIndividual object
   Debug: Initializing vectorChromosome object
   Debug: Initializing vectorIndividual object
   Debug: Initializing vectorChromosome object
   Debug: Initializing vectorIndividual object
   Debug: Initializing vectorChromosome object
   Debug: Initializing vectorIndividual object
   Debug: Initializing vectorChromosome object
   Debug: Initializing vectorIndividual object
   Debug: Initializing vectorChromosome object
   Debug: Initializing vectorIndividual object
   Debug: Initializing vectorChromosome object
   Debug: Initializing vectorIndividual object
   Debug: Initializing vectorChromosome object
   Debug: Initializing vectorIndividual object
   Debug: Initializing vectorChromosome object
   Debug: Initializing vectorIndividual object
   Debug: Initializing vectorChromosome object
   Debug: Initializing vectorIndividual object
   Debug: Initializing vectorChromosome object
   Debug: Initializing vectorIndividual object
   Debug: Initializing vectorChromosome object
   Debug: Initializing vectorIndividual object
   Debug: Initializing vectorChromosome object
   Debug: Initializing vectorIndividual object
   Debug: Initializing vectorChromosome object
   Debug: Initializing vectorIndividual object
   Debug: Initializing vectorChromosome object
   Debug: Initializing vectorIndividual object
   Debug: Initializing vectorChromosome object
   Debug: Initializing vectorIndividual object
   Debug: Initializing vectorChromosome object
   Debug: Initializing vectorIndividual object
   Debug: Initializing vectorChromosome object
   Debug: Initializing vectorIndividual object
   Debug: Initializing vectorChromosome object
   Debug: Initializing vectorIndividual object
   Debug: Initializing vectorChromosome object
   Debug: Initializing vectorIndividual object
   Debug: Initializing vectorChromosome object
   Debug: Initializing vectorIndividual object
   Debug: Initializing vectorChromosome object
   Debug: Initializing vectorIndividual object
   Debug: Initializing vectorChromosome object
   Debug: Initializing vectorIndividual object
   Debug: Initializing vectorChromosome object
   Debug: Initializing vectorIndividual object
   Debug: Initializing vectorChromosome object
   Debug: Initializing vectorIndividual object
   Debug: Initializing vectorChromosome object
   Debug: Initializing vectorIndividual object
   Debug: Initializing vectorChromosome object
   Debug: Initializing vectorIndividual object
   Debug: Initializing vectorChromosome object
   Debug: Initializing vectorIndividual object
   Debug: Initializing vectorChromosome object
   Debug: Initializing vectorIndividual object
   Debug: Initializing vectorChromosome object
   Debug: Initializing vectorIndividual object
   Debug: Initializing vectorChromosome object
   Debug: Initializing vectorIndividual object
   Debug: Initializing vectorChromosome object
   Debug: Initializing vectorIndividual object
   Debug: Initializing vectorChromosome object
   Debug: Initializing vectorIndividual object
   Debug: Initializing vectorChromosome object
   Debug: Initializing vectorIndividual object
   Debug: Initializing vectorChromosome object
   Debug: Initializing vectorIndividual object
   Debug: Initializing vectorChromosome object
   Debug: Initializing vectorIndividual object
   Debug: Initializing vectorChromosome object
   Debug: Initializing vectorIndividual object
   Debug: Initializing vectorChromosome object
   Debug: Initializing vectorIndividual object
   Debug: Initializing vectorChromosome object
   Debug: Initializing vectorIndividual object
   Debug: Initializing vectorChromosome object
   Debug: Initializing vectorIndividual object
   Debug: Initializing vectorChromosome object
   Debug: Initializing vectorIndividual object
   Debug: Initializing vectorChromosome object
   Debug: Initializing vectorIndividual object
   Debug: Initializing vectorChromosome object
   Debug: Initializing vectorIndividual object
   Debug: Initializing vectorChromosome object
   Debug: Initializing vectorIndividual object
   Debug: Initializing vectorChromosome object
   Debug: Initializing vectorIndividual object
   Debug: Initializing vectorChromosome object
   Debug: Initializing vectorIndividual object
   Debug: Initializing vectorChromosome object
   Debug: Initializing vectorIndividual object
   Debug: Initializing vectorChromosome object
   Debug: Initializing vectorIndividual object
   Debug: Initializing vectorChromosome object
   Debug: Initializing vectorIndividual object
   Debug: Initializing vectorChromosome object
   Debug: Initializing vectorIndividual object
   Debug: Initializing vectorChromosome object
   Debug: Initializing vectorIndividual object
   Debug: Initializing vectorChromosome object
   Debug: Initializing vectorIndividual object
   Debug: Initializing vectorChromosome object
   Debug: Initializing vectorIndividual object
   Debug: Initializing vectorChromosome object
   Debug: Initializing vectorIndividual object
   Debug: Initializing vectorChromosome object
   Debug: Initializing vectorIndividual object
   Debug: Initializing vectorChromosome object
   Debug: Initializing vectorIndividual object
   Debug: Initializing vectorChromosome object
   Debug: Initializing vectorIndividual object
   Debug: Initializing vectorChromosome object
   Debug: Initializing vectorIndividual object
   Debug: Initializing vectorChromosome object
   Debug: Initializing vectorIndividual object
   Debug: Initializing vectorChromosome object
   Debug: Initializing vectorIndividual object
   Debug: Initializing vectorChromosome object
   Debug: Initializing vectorIndividual object
   Debug: Initializing vectorChromosome object
   Debug: Initializing vectorIndividual object
   Debug: Initializing vectorChromosome object
   Debug: Initializing vectorIndividual object
   Debug: Initializing vectorChromosome object
   Debug: Initializing vectorIndividual object
   Debug: Initializing vectorChromosome object
   Debug: Initializing vectorIndividual object
   Debug: Initializing vectorChromosome object
   Debug: Initializing vectorIndividual object
   Debug: Initializing vectorChromosome object
   Debug: Initializing vectorIndividual object
   Debug: Initializing vectorChromosome object
   Debug: Initializing vectorIndividual object
   Debug: Initializing vectorChromosome object
   Debug: Initializing vectorIndividual object
   Debug: Initializing vectorChromosome object
   Debug: Initializing vectorIndividual object
   Debug: Initializing vectorChromosome object
   Debug: Initializing vectorIndividual object
   Debug: Initializing vectorChromosome object
   Debug: Initializing vectorIndividual object
   Debug: Initializing vectorChromosome object
   Debug: Initializing vectorIndividual object
   Debug: Initializing vectorChromosome object
   Debug: Initializing vectorIndividual object
   Debug: Initializing vectorChromosome object
   Debug: Initializing vectorIndividual object
   Debug: Initializing vectorChromosome object
   Debug: Initializing vectorIndividual object
   Debug: Initializing vectorChromosome object
   Debug: Initializing vectorIndividual object
   Debug: Initializing vectorChromosome object
   Debug: Initializing vectorIndividual object
   Debug: Initializing vectorChromosome object
   Debug: Initializing vectorIndividual object
   Debug: Initializing vectorChromosome object
   Debug: Initializing vectorIndividual object
   Debug: Initializing vectorChromosome object
   Debug: Initializing vectorIndividual object
   Debug: Initializing vectorChromosome object
   Debug: Initializing vectorIndividual object
   Debug: Initializing vectorChromosome object
   Debug: Initializing vectorIndividual object
   Debug: Initializing vectorChromosome object
   Debug: Initializing vectorIndividual object
   Debug: Initializing vectorChromosome object
   Debug: Initializing vectorIndividual object
   Debug: Initializing vectorChromosome object
   Debug: Initializing vectorIndividual object
   Debug: Initializing vectorChromosome object
   Debug: Initializing vectorIndividual object
   Debug: Initializing vectorChromosome object
   Debug: Initializing vectorIndividual object
   Debug: Initializing vectorChromosome object
   Debug: Initializing vectorIndividual object
   Debug: Initializing vectorChromosome object
   Debug: Initializing vectorIndividual object
   Debug: Initializing vectorChromosome object
   Debug: Initializing vectorIndividual object
   Debug: Initializing vectorChromosome object
   Debug: Initializing vectorIndividual object
   Debug: Initializing vectorChromosome object
   Debug: Initializing vectorIndividual object
   Debug: Initializing vectorChromosome object
   Debug: Initializing vectorIndividual object
   Debug: Initializing vectorChromosome object
   Debug: Initializing vectorIndividual object
   Debug: Initializing vectorChromosome object
   Debug: Initializing vectorIndividual object
   Debug: Initializing vectorChromosome object
   Debug: Initializing vectorIndividual object
   Debug: Initializing vectorChromosome object
   Debug: Initializing vectorIndividual object
   Debug: Initializing vectorChromosome object
   Debug: Initializing vectorIndividual object
   Debug: Initializing vectorChromosome object
   Debug: Initializing vectorIndividual object
   Debug: Initializing vectorChromosome object
   Debug: Initializing vectorIndividual object
   Debug: Initializing vectorChromosome object
   Debug: Initializing vectorIndividual object
   Debug: Initializing vectorChromosome object
   Debug: Initializing vectorIndividual object
   Debug: Initializing vectorChromosome object
   Debug: Initializing vectorIndividual object
   Debug: Initializing vectorChromosome object
   Debug: Initializing vectorIndividual object
   Debug: Initializing vectorChromosome object
   Debug: Initializing vectorIndividual object
   Debug: Initializing vectorChromosome object
   Debug: Initializing vectorIndividual object
   Debug: Initializing vectorChromosome object
   Debug: Initializing vectorIndividual object
   Debug: Initializing vectorChromosome object
   Debug: Initializing vectorIndividual object
   Debug: Initializing vectorChromosome object
   Debug: Initializing vectorIndividual object
   Debug: Initializing vectorChromosome object
   Debug: Initializing vectorIndividual object
   Debug: Initializing vectorChromosome object
   Debug: Initializing vectorIndividual object
   Debug: Initializing vectorChromosome object
   Debug: Initializing vectorIndividual object
   Debug: Initializing vectorChromosome object
   Debug: Initializing vectorIndividual object
   Debug: Initializing vectorChromosome object
   Debug: Initializing vectorIndividual object
   Debug: Initializing vectorChromosome object
   Debug: Initializing vectorIndividual object
   Debug: Initializing vectorChromosome object
   Debug: Initializing vectorIndividual object
   Debug: Initializing vectorChromosome object
   Debug: Initializing vectorIndividual object
   Debug: Initializing vectorChromosome object
   Debug: Initializing vectorIndividual object
   Debug: Initializing vectorChromosome object
   Debug: Initializing vectorIndividual object
   Debug: Initializing vectorChromosome object
   Debug: Initializing vectorIndividual object
   Debug: Initializing vectorChromosome object
   Debug: Initializing vectorIndividual object
   Debug: Initializing vectorChromosome object
   Debug: Initializing vectorIndividual object
   Debug: Initializing vectorChromosome object
   Debug: Initializing vectorIndividual object
   Debug: Initializing vectorChromosome object
   Debug: Initializing vectorIndividual object
   Debug: Initializing vectorChromosome object
   Debug: Initializing vectorIndividual object
   Debug: Initializing vectorChromosome object
   Debug: Initializing vectorIndividual object
   Debug: Initializing vectorChromosome object
   Debug: Initializing vectorIndividual object
   Debug: Initializing vectorChromosome object
   Debug: Initializing vectorIndividual object
   Debug: Initializing vectorChromosome object
   Debug: Initializing vectorIndividual object
   Debug: Initializing vectorChromosome object
   Debug: Initializing vectorIndividual object
   Debug: Initializing vectorChromosome object
   Debug: Initializing vectorIndividual object
   Debug: Initializing vectorChromosome object
   Debug: Initializing vectorIndividual object
   Debug: Initializing vectorChromosome object
   Debug: Initializing vectorIndividual object
   Debug: Initializing vectorChromosome object
   Debug: Initializing vectorIndividual object
   Debug: Initializing vectorChromosome object
   Debug: Initializing vectorIndividual object
   Debug: Initializing vectorChromosome object
   Debug: Initializing vectorIndividual object
   Debug: Initializing vectorChromosome object
   Debug: Initializing vectorIndividual object
   Debug: Initializing vectorChromosome object
   Debug: Initializing vectorIndividual object
   Debug: Initializing vectorChromosome object
   Debug: Initializing vectorIndividual object
   Debug: Initializing vectorChromosome object
   Debug: Initializing vectorIndividual object
   Debug: Initializing vectorChromosome object
   Debug: Initializing vectorIndividual object
   Debug: Initializing vectorChromosome object
   Debug: Initializing vectorIndividual object
   Debug: Initializing vectorChromosome object
   Debug: Initializing vectorIndividual object
   Debug: Initializing vectorChromosome object
   Debug: Initializing vectorIndividual object
   Debug: Initializing vectorChromosome object
   Debug: Initializing vectorIndividual object
   Debug: Initializing vectorChromosome object
   Debug: Initializing vectorIndividual object
   Debug: Initializing vectorChromosome object
   Debug: Initializing vectorIndividual object
   Debug: Initializing vectorChromosome object
   Debug: Initializing vectorIndividual object
   Debug: Initializing vectorChromosome object
   Debug: Initializing vectorIndividual object
   Debug: Initializing vectorChromosome object
   Debug: Initializing vectorIndividual object
   Debug: Initializing vectorChromosome object
   Debug: Initializing vectorIndividual object
   Debug: Initializing vectorChromosome object
   Debug: Initializing vectorIndividual object
   Debug: Initializing vectorChromosome object
   Debug: Initializing vectorIndividual object
   Debug: Initializing vectorChromosome object
   Debug: Initializing vectorIndividual object
   Debug: Initializing vectorChromosome object
   Debug: Initializing vectorIndividual object
   Debug: Initializing vectorChromosome object
   Debug: Initializing vectorIndividual object
   Debug: Initializing vectorChromosome object
   Debug: Initializing vectorIndividual object
   Debug: Initializing vectorChromosome object
   Debug: Initializing vectorIndividual object
   Debug: Initializing vectorChromosome object
   Debug: Initializing vectorIndividual object
   Debug: Initializing vectorChromosome object
   Debug: Initializing vectorIndividual object
   Debug: Initializing vectorChromosome object
   Debug: Initializing vectorIndividual object
   Debug: Initializing vectorChromosome object
   Debug: Initializing vectorIndividual object
   Debug: Initializing vectorChromosome object
   Debug: Initializing vectorIndividual object
   Debug: Initializing vectorChromosome object
   Debug: Initializing vectorIndividual object
   Debug: Initializing vectorChromosome object
   Debug: Initializing vectorIndividual object
   Debug: Initializing vectorChromosome object
   Debug: Initializing vectorIndividual object
   Debug: Initializing vectorChromosome object
   Debug: Initializing vectorIndividual object
   Debug: Initializing vectorChromosome object
   Debug: Initializing vectorIndividual object
   Debug: Initializing vectorChromosome object
   Debug: Initializing vectorIndividual object
   Debug: Initializing vectorChromosome object
   Debug: Initializing vectorIndividual object
   Debug: Initializing vectorChromosome object
   Debug: Initializing vectorIndividual object
   Debug: Initializing vectorChromosome object
   Debug: Initializing vectorIndividual object
   Debug: Initializing vectorChromosome object
   Debug: Initializing vectorIndividual object
   Debug: Initializing vectorChromosome object
   Debug: Initializing vectorIndividual object
   Debug: Initializing vectorChromosome object
   Debug: Initializing vectorIndividual object
   Debug: Initializing vectorChromosome object
   Debug: Initializing vectorIndividual object
   Debug: Initializing vectorChromosome object
   Debug: Initializing vectorIndividual object
   Debug: Initializing vectorChromosome object
   Debug: Initializing vectorIndividual object
   Debug: Initializing vectorChromosome object
   Debug: Initializing vectorIndividual object
   Debug: Initializing vectorChromosome object
   Debug: Initializing vectorIndividual object
   Debug: Initializing vectorChromosome object
   Debug: Initializing vectorIndividual object
   Debug: Initializing vectorChromosome object
   Debug: Initializing vectorIndividual object
   Debug: Initializing vectorChromosome object
   Debug: Initializing vectorIndividual object
   Debug: Initializing vectorChromosome object
   Debug: Initializing vectorIndividual object
   Debug: Initializing vectorChromosome object
   Debug: Initializing vectorIndividual object
   Debug: Initializing vectorChromosome object
   Debug: Initializing vectorIndividual object
   Debug: Initializing vectorChromosome object
   Debug: Initializing vectorIndividual object
   Debug: Initializing vectorChromosome object
   Debug: Initializing vectorIndividual object
   Debug: Initializing vectorChromosome object
   Debug: Initializing vectorIndividual object
   Debug: Initializing vectorChromosome object
   Debug: Initializing vectorIndividual object
   Debug: Initializing vectorChromosome object
   Debug: Initializing vectorIndividual object
   Debug: Initializing vectorChromosome object
   Debug: Initializing vectorIndividual object
   Debug: Initializing vectorChromosome object
   Debug: Initializing vectorIndividual object
   Debug: Initializing vectorChromosome object
   Debug: Initializing vectorIndividual object
   Debug: Initializing vectorChromosome object
   Debug: Initializing vectorIndividual object
   Debug: Initializing vectorChromosome object
   Debug: Initializing vectorIndividual object
   Debug: Initializing vectorChromosome object
   Debug: Initializing vectorIndividual object
   Debug: Initializing vectorChromosome object
   Debug: Initializing vectorIndividual object
   Debug: Initializing vectorChromosome object
   Debug: Initializing vectorIndividual object
   Debug: Initializing vectorChromosome object
   Debug: Initializing vectorIndividual object
   Debug: Initializing vectorChromosome object
   Debug: Initializing vectorIndividual object
   Debug: Initializing vectorChromosome object
   Debug: Initializing vectorIndividual object
   Debug: Initializing vectorChromosome object
   Debug: Initializing vectorIndividual object
   Debug: Initializing vectorChromosome object
   Debug: Initializing vectorIndividual object
   Debug: Initializing vectorChromosome object
   Debug: Initializing vectorIndividual object
   Debug: Initializing vectorChromosome object
   Debug: Initializing vectorIndividual object
   Debug: Initializing vectorChromosome object
   Debug: Initializing vectorIndividual object
   Debug: Initializing vectorChromosome object
   Debug: Initializing vectorIndividual object
   Debug: Initializing vectorChromosome object
   Debug: Initializing vectorIndividual object
   Debug: Initializing vectorChromosome object
   Debug: Initializing vectorIndividual object
   Debug: Initializing vectorChromosome object
   Debug: Initializing vectorIndividual object
   Debug: Initializing vectorChromosome object
   Debug: Initializing vectorIndividual object
   Debug: Initializing vectorChromosome object
   Debug: Initializing vectorIndividual object
   Debug: Initializing vectorChromosome object
   Debug: Initializing vectorIndividual object
   Debug: Initializing vectorChromosome object
   Debug: Initializing vectorIndividual object
   Debug: Initializing vectorChromosome object
   Debug: Initializing vectorIndividual object
   Debug: Initializing vectorChromosome object
   Debug: Initializing vectorIndividual object
   Debug: Initializing vectorChromosome object
   Debug: Initializing vectorIndividual object
   Debug: Initializing vectorChromosome object
   Debug: Initializing vectorIndividual object
   Debug: Initializing vectorChromosome object
   Debug: Initializing vectorIndividual object
   Debug: Initializing vectorChromosome object
   Debug: Initializing vectorIndividual object
   Debug: Initializing vectorChromosome object
   Debug: Initializing vectorIndividual object
   Debug: Initializing vectorChromosome object
   Debug: Initializing vectorIndividual object
   Debug: Initializing vectorChromosome object
   Debug: Initializing vectorIndividual object
   Debug: Initializing vectorChromosome object
   Debug: Initializing vectorIndividual object
   Debug: Initializing vectorChromosome object
   Debug: Initializing vectorIndividual object
   Debug: Initializing vectorChromosome object
   Debug: Initializing vectorIndividual object
   Debug: Initializing vectorChromosome object
   Debug: Initializing vectorIndividual object
   Debug: Initializing vectorChromosome object
   Debug: Initializing vectorIndividual object
   Debug: Initializing vectorChromosome object
   Debug: Initializing vectorIndividual object
   Debug: Initializing vectorChromosome object
   Debug: Initializing vectorIndividual object
   Debug: Initializing vectorChromosome object
   Debug: Initializing vectorIndividual object
   Debug: Initializing vectorChromosome object
   Debug: Initializing vectorIndividual object
   Debug: Initializing vectorChromosome object
   Debug: Initializing vectorIndividual object
   Debug: Initializing vectorChromosome object
   Debug: Initializing vectorIndividual object
   Debug: Initializing vectorChromosome object
   Debug: Initializing vectorIndividual object
   Debug: Initializing vectorChromosome object
   Debug: Initializing vectorIndividual object
   Debug: Initializing vectorChromosome object
   Debug: Initializing vectorIndividual object
   Debug: Initializing vectorChromosome object
   Debug: Initializing vectorIndividual object
   Debug: Initializing vectorChromosome object
   Debug: Initializing vectorIndividual object
   Debug: Initializing vectorChromosome object
   Debug: Initializing vectorIndividual object
   Debug: Initializing vectorChromosome object
   Debug: Initializing vectorIndividual object
   Debug: Initializing vectorChromosome object
   Debug: Initializing vectorIndividual object
   Debug: Initializing vectorChromosome object
   Debug: Initializing vectorIndividual object
   Debug: Initializing vectorChromosome object
   Debug: Initializing vectorIndividual object
   Debug: Initializing vectorChromosome object
   Debug: Initializing vectorIndividual object
   Debug: Initializing vectorChromosome object
   Debug: Initializing vectorIndividual object
   Debug: Initializing vectorChromosome object
   Debug: Initializing vectorIndividual object
   Debug: Initializing vectorChromosome object
   Debug: Initializing vectorIndividual object
   Debug: Initializing vectorChromosome object
   Debug: Initializing vectorIndividual object
   Debug: Initializing vectorChromosome object
   Debug: Initializing vectorIndividual object
   Debug: Initializing vectorChromosome object
   Debug: Initializing vectorIndividual object
   Debug: Initializing vectorChromosome object
   Debug: Initializing vectorIndividual object
   Debug: Initializing vectorChromosome object
   Debug: Initializing vectorIndividual object
   Debug: Initializing vectorChromosome object
   Debug: Initializing vectorIndividual object
   Debug: Initializing vectorChromosome object
   Debug: Initializing vectorIndividual object
   Debug: Initializing vectorChromosome object
   Debug: Initializing vectorIndividual object
   Debug: Initializing vectorChromosome object
   Debug: Initializing vectorIndividual object
   Debug: Initializing vectorChromosome object
   Debug: Initializing vectorIndividual object
   Debug: Initializing vectorChromosome object
   Debug: Initializing vectorIndividual object
   Debug: Initializing vectorChromosome object
   Debug: Initializing vectorIndividual object
   Debug: Initializing vectorChromosome object
   Debug: Initializing vectorIndividual object
   Debug: Initializing vectorChromosome object
   Debug: Initializing vectorIndividual object
   Debug: Initializing vectorChromosome object
   Debug: Initializing vectorIndividual object
   Debug: Initializing vectorChromosome object
   Debug: Initializing vectorIndividual object
   Debug: Initializing vectorChromosome object
   Debug: Initializing vectorIndividual object
   Debug: Initializing vectorChromosome object
   Debug: Initializing vectorIndividual object
   Debug: Initializing vectorChromosome object
   Debug: Initializing vectorIndividual object
   Debug: Initializing vectorChromosome object
   Debug: Initializing vectorIndividual object
   Debug: Initializing vectorChromosome object
   Debug: Initializing vectorIndividual object
   Debug: Initializing vectorChromosome object
   Debug: Initializing vectorIndividual object
   Debug: Initializing vectorChromosome object
   Debug: Initializing vectorIndividual object
   Debug: Initializing vectorChromosome object
   Debug: Initializing vectorIndividual object
   Debug: Initializing vectorChromosome object
   Debug: Initializing vectorIndividual object
   Debug: Initializing vectorChromosome object
   Debug: Initializing vectorIndividual object
   Debug: Initializing vectorChromosome object
   Debug: Initializing vectorIndividual object
   Debug: Initializing vectorChromosome object
   Debug: Initializing vectorIndividual object
   Debug: Initializing vectorChromosome object
   Debug: Initializing vectorIndividual object
   Debug: Initializing vectorChromosome object
   Debug: Initializing vectorIndividual object
   Debug: Initializing vectorChromosome object
   Debug: Initializing vectorIndividual object
   Debug: Initializing vectorChromosome object
   Debug: Initializing vectorIndividual object
   Debug: Initializing vectorChromosome object
   Debug: Initializing vectorIndividual object
   Debug: Initializing vectorChromosome object
   Debug: Initializing vectorIndividual object
   Debug: Initializing vectorChromosome object
   Debug: Initializing vectorIndividual object
   Debug: Initializing vectorChromosome object
   Debug: Initializing vectorIndividual object
   Debug: Initializing vectorChromosome object
   Debug: Initializing vectorIndividual object
   Debug: Initializing vectorChromosome object
   Debug: Initializing vectorIndividual object
   Debug: Initializing vectorChromosome object
   Debug: Initializing vectorIndividual object
   Debug: Initializing vectorChromosome object
   Debug: Initializing vectorIndividual object
   Debug: Initializing vectorChromosome object
   Debug: Initializing vectorIndividual object
   Debug: Initializing vectorChromosome object
   Debug: Initializing vectorIndividual object
   Debug: Initializing vectorChromosome object
   Debug: Initializing vectorIndividual object
   Debug: Initializing vectorChromosome object
   Debug: Initializing vectorIndividual object
   Debug: Initializing vectorChromosome object
   Debug: Initializing vectorIndividual object
   Debug: Initializing vectorChromosome object
   Debug: Initializing vectorIndividual object
   Debug: Initializing vectorChromosome object
   Debug: Initializing vectorIndividual object
   Debug: Initializing vectorChromosome object
   Debug: Initializing vectorIndividual object
   Debug: Initializing vectorChromosome object
   Debug: Initializing vectorIndividual object
   Debug: Initializing vectorChromosome object
   Debug: Initializing vectorIndividual object
   Debug: Initializing vectorChromosome object
   Debug: Initializing vectorIndividual object
   Debug: Initializing vectorChromosome object
   Debug: Initializing vectorIndividual object
   Debug: Initializing vectorChromosome object
   Debug: Initializing vectorIndividual object
   Debug: Initializing vectorChromosome object
   Debug: Initializing vectorIndividual object
   Debug: Initializing vectorChromosome object
   Debug: Initializing vectorIndividual object
   Debug: Initializing vectorChromosome object
   Debug: Initializing vectorIndividual object
   Debug: Initializing vectorChromosome object
   Debug: 0	| Evaluating initial population
   Debug: 0	| Selecting parents from initial population
   Debug: Starting gen #1/5
   Debug: 1	| Creating children
   Debug: 1	| Swapping children & parents populations
   Debug: 1	| Evaluating new parents
    Info: 1	| Best fitness: 3.3333339808755783e-10
   Debug: 1	| Selecting children to create new generation
   Debug: Starting gen #2/5
   Debug: 2	| Creating children
   Debug: 2	| Swapping children & parents populations
   Debug: 2	| Evaluating new parents
    Info: 2	| Best fitness: 3.3333339808755783e-10
   Debug: 2	| Selecting children to create new generation
   Debug: Starting gen #3/5
   Debug: 3	| Creating children
   Debug: 3	| Swapping children & parents populations
   Debug: 3	| Evaluating new parents
    Info: 3	| Best fitness: 3.3333339808755783e-10
   Debug: 3	| Selecting children to create new generation
   Debug: Starting gen #4/5
   Debug: 4	| Creating children
   Debug: 4	| Swapping children & parents populations
   Debug: 4	| Evaluating new parents
    Info: 4	| Best fitness: 3.3333339808755783e-10
   Debug: 4	| Selecting children to create new generation
   Debug: Starting gen #5/5
   Debug: 5	| Creating children
   Debug: 5	| Swapping children & parents populations
   Debug: 5	| Evaluating new parents
    Info: 5	| Best fitness: 3.3333339808755783e-10
   Debug: 5	| Selecting children to create new generation
